<?xml version="1.0" encoding="UTF-8"?>
<!-- Generated by org.testng.reporters.JUnitXMLReporter -->
<testsuite hostname="DESKTOP-TQRIKEL" ignored="0" name="Test Bed" tests="18" failures="1" timestamp="15 Jul 2018 04:23:38 GMT" time="46.332" errors="0">
  <testcase name="crudOperationOnFireFox" time="5.328" classname="computer.executionDriver"/>
  <testcase name="crudOperationOnChrome" time="5.379" classname="computer.executionDriver"/>
  <testcase name="crudOperationOnChrome" time="4.375" classname="computer.executionDriver"/>
  <testcase name="crudOperationOnFireFox" time="4.481" classname="computer.executionDriver"/>
  <testcase name="crudOperationOnFireFox" time="5.105" classname="computer.executionDriver"/>
  <testcase name="crudOperationOnChrome" time="5.287" classname="computer.executionDriver"/>
  <testcase name="crudOperationOnFireFox" time="4.224" classname="computer.executionDriver"/>
  <testcase name="crudOperationOnChrome" time="4.298" classname="computer.executionDriver"/>
  <testcase name="crudOperationOnChrome" time="3.977" classname="computer.executionDriver">
    <failure type="org.openqa.selenium.NoSuchElementException" message="no such element: Unable to locate element: {&amp;quot;method&amp;quot;:&amp;quot;css selector&amp;quot;,&amp;quot;selector&amp;quot;:&amp;quot;#main &amp;gt; table &amp;gt; tbody &amp;gt; tr:nth-child(1) &amp;gt; td:nth-child(1) &amp;gt; a&amp;quot;}
  (Session info: chrome=67.0.3396.99)
  (Driver info: chromedriver=2.40.565498 (ea082db3280dd6843ebfb08a625e3eb905c4f5ab),platform=Windows NT 10.0.17134 x86_64) (WARNING: The server did not provide any stacktrace information)
Command duration or timeout: 0 milliseconds
For documentation on this error, please visit: http://seleniumhq.org/exceptions/no_such_element.html
Build info: version: &amp;apos;3.13.0&amp;apos;, revision: &amp;apos;2f0d292&amp;apos;, time: &amp;apos;2018-06-25T15:24:21.231Z&amp;apos;
System info: host: &amp;apos;DESKTOP-TQRIKEL&amp;apos;, ip: &amp;apos;10.0.0.142&amp;apos;, os.name: &amp;apos;Windows 10&amp;apos;, os.arch: &amp;apos;amd64&amp;apos;, os.version: &amp;apos;10.0&amp;apos;, java.version: &amp;apos;1.8.0_171&amp;apos;
Driver info: org.openqa.selenium.chrome.ChromeDriver
Capabilities {acceptInsecureCerts: false, acceptSslCerts: false, applicationCacheEnabled: false, browserConnectionEnabled: false, browserName: chrome, chrome: {chromedriverVersion: 2.40.565498 (ea082db3280dd6..., userDataDir: C:\Users\aakas\AppData\Loca...}, cssSelectorsEnabled: true, databaseEnabled: false, handlesAlerts: true, hasTouchScreen: false, javascriptEnabled: true, locationContextEnabled: true, mobileEmulationEnabled: false, nativeEvents: true, networkConnectionEnabled: false, pageLoadStrategy: normal, platform: XP, platformName: XP, rotatable: false, setWindowRect: true, takesHeapSnapshot: true, takesScreenshot: true, unexpectedAlertBehaviour: , unhandledPromptBehavior: , version: 67.0.3396.99, webStorageEnabled: true}
Session ID: 9816331d9e52e29882e3f813f24989a3
*** Element info: {Using=css selector, value=#main &amp;gt; table &amp;gt; tbody &amp;gt; tr:nth-child(1) &amp;gt; td:nth-child(1) &amp;gt; a}">
      <![CDATA[org.openqa.selenium.NoSuchElementException: no such element: Unable to locate element: {"method":"css selector","selector":"#main > table > tbody > tr:nth-child(1) > td:nth-child(1) > a"}
  (Session info: chrome=67.0.3396.99)
  (Driver info: chromedriver=2.40.565498 (ea082db3280dd6843ebfb08a625e3eb905c4f5ab),platform=Windows NT 10.0.17134 x86_64) (WARNING: The server did not provide any stacktrace information)
Command duration or timeout: 0 milliseconds
For documentation on this error, please visit: http://seleniumhq.org/exceptions/no_such_element.html
Build info: version: '3.13.0', revision: '2f0d292', time: '2018-06-25T15:24:21.231Z'
System info: host: 'DESKTOP-TQRIKEL', ip: '10.0.0.142', os.name: 'Windows 10', os.arch: 'amd64', os.version: '10.0', java.version: '1.8.0_171'
Driver info: org.openqa.selenium.chrome.ChromeDriver
Capabilities {acceptInsecureCerts: false, acceptSslCerts: false, applicationCacheEnabled: false, browserConnectionEnabled: false, browserName: chrome, chrome: {chromedriverVersion: 2.40.565498 (ea082db3280dd6..., userDataDir: C:\Users\aakas\AppData\Loca...}, cssSelectorsEnabled: true, databaseEnabled: false, handlesAlerts: true, hasTouchScreen: false, javascriptEnabled: true, locationContextEnabled: true, mobileEmulationEnabled: false, nativeEvents: true, networkConnectionEnabled: false, pageLoadStrategy: normal, platform: XP, platformName: XP, rotatable: false, setWindowRect: true, takesHeapSnapshot: true, takesScreenshot: true, unexpectedAlertBehaviour: , unhandledPromptBehavior: , version: 67.0.3396.99, webStorageEnabled: true}
Session ID: 9816331d9e52e29882e3f813f24989a3
*** Element info: {Using=css selector, value=#main > table > tbody > tr:nth-child(1) > td:nth-child(1) > a}
	at org.openqa.selenium.remote.ErrorHandler.createThrowable(ErrorHandler.java:214)
	at org.openqa.selenium.remote.ErrorHandler.throwIfResponseFailed(ErrorHandler.java:166)
	at org.openqa.selenium.remote.http.JsonHttpResponseCodec.reconstructValue(JsonHttpResponseCodec.java:40)
	at org.openqa.selenium.remote.http.AbstractHttpResponseCodec.decode(AbstractHttpResponseCodec.java:80)
	at org.openqa.selenium.remote.http.AbstractHttpResponseCodec.decode(AbstractHttpResponseCodec.java:44)
	at org.openqa.selenium.remote.HttpCommandExecutor.execute(HttpCommandExecutor.java:158)
	at org.openqa.selenium.remote.service.DriverCommandExecutor.execute(DriverCommandExecutor.java:83)
	at org.openqa.selenium.remote.RemoteWebDriver.execute(RemoteWebDriver.java:548)
	at org.openqa.selenium.remote.RemoteWebDriver.findElement(RemoteWebDriver.java:322)
	at org.openqa.selenium.remote.RemoteWebDriver.findElementByCssSelector(RemoteWebDriver.java:416)
	at org.openqa.selenium.By$ByCssSelector.findElement(By.java:431)
	at org.openqa.selenium.remote.RemoteWebDriver.findElement(RemoteWebDriver.java:314)
	at computer.performOperation.computerSearchPage(performOperation.java:31)
	at computer.executionDriver.crudOperationOnChrome(executionDriver.java:57)
	at java.util.concurrent.ThreadPoolExecutor.runWorker(ThreadPoolExecutor.java:1149)
	at java.util.concurrent.ThreadPoolExecutor$Worker.run(ThreadPoolExecutor.java:624)
	at java.lang.Thread.run(Thread.java:748)
... Removed 14 stack frames]]>
    </failure>
  </testcase> <!-- crudOperationOnChrome -->
  <testcase name="crudOperationOnFireFox" time="4.396" classname="computer.executionDriver"/>
  <testcase name="crudOperationOnChrome" time="4.216" classname="computer.executionDriver"/>
  <testcase name="crudOperationOnFireFox" time="4.468" classname="computer.executionDriver"/>
  <testcase name="crudOperationOnChrome" time="4.505" classname="computer.executionDriver"/>
  <testcase name="crudOperationOnFireFox" time="4.435" classname="computer.executionDriver"/>
  <testcase name="crudOperationOnChrome" time="6.596" classname="computer.executionDriver"/>
  <testcase name="crudOperationOnFireFox" time="6.722" classname="computer.executionDriver"/>
  <testcase name="crudOperationOnChrome" time="6.492" classname="computer.executionDriver"/>
  <testcase name="crudOperationOnFireFox" time="7.127" classname="computer.executionDriver"/>
</testsuite> <!-- Test Bed -->
