<html>
<head>
<title>TestNG:  Test-class test 1</title>
<link href="../testng.css" rel="stylesheet" type="text/css" />
<link href="../my-testng.css" rel="stylesheet" type="text/css" />

<style type="text/css">
.log { display: none;} 
.stack-trace { display: none;} 
</style>
<script type="text/javascript">
<!--
function flip(e) {
  current = e.style.display;
  if (current == 'block') {
    e.style.display = 'none';
    return 0;
  }
  else {
    e.style.display = 'block';
    return 1;
  }
}

function toggleBox(szDivId, elem, msg1, msg2)
{
  var res = -1;  if (document.getElementById) {
    res = flip(document.getElementById(szDivId));
  }
  else if (document.all) {
    // this is the way old msie versions work
    res = flip(document.all[szDivId]);
  }
  if(elem) {
    if(res == 0) elem.innerHTML = msg1; else elem.innerHTML = msg2;
  }

}

function toggleAllBoxes() {
  if (document.getElementsByTagName) {
    d = document.getElementsByTagName('div');
    for (i = 0; i < d.length; i++) {
      if (d[i].className == 'log') {
        flip(d[i]);
      }
    }
  }
}

// -->
</script>

</head>
<body>
<h2 align='center'>Test-class test 1</h2><table border='1' align="center">
<tr>
<td>Tests passed/Failed/Skipped:</td><td>8/6/0</td>
</tr><tr>
<td>Started on:</td><td>Sat Jul 14 18:37:35 CDT 2018</td>
</tr>
<tr><td>Total time:</td><td>70 seconds (70459 ms)</td>
</tr><tr>
<td>Included groups:</td><td></td>
</tr><tr>
<td>Excluded groups:</td><td></td>
</tr>
</table><p/>
<small><i>(Hover the method name to see the test class name)</i></small><p/>
<table width='100%' border='1' class='invocation-failed'>
<tr><td colspan='4' align='center'><b>FAILED TESTS</b></td></tr>
<tr><td><b>Test method</b></td>
<td width="30%"><b>Exception</b></td>
<td width="10%"><b>Time (seconds)</b></td>
<td><b>Instance</b></td>
</tr>
<tr>
<td title='computer.executionDriver.crudOperationChrome()'><b>crudOperationChrome</b><br>Test class: computer.executionDriver<br>Parameters: TC6 - Verify mandatory computed field, R_URL,COMPUTERSEARCH,COMPUTERDETAIL, , ADDCOMPUTER, , , , , SAVE, POST_COMPUTER_EDIT_PAGE_ACTION, ISEXIST, txt_ComputerName, <br/>
<a href="#Output-1184475497" onClick='toggleBox("Output-1184475497", this, "Show output", "Hide output");'>Show output</a>

<a href="#Output-1184475497" onClick="toggleAllBoxes();">Show all outputs</a>
<div class='log' id="Output-1184475497">
Validation of Element:  <i><font color='Red'>Actual Element Not Found  ,   Expected:  -  Validation Failed</font></i><br/>
</div>
</td>
<td><div><pre>java.lang.AssertionError: expected [true] but found [false]
	at computer.commonValidation.fieldValidation(commonValidation.java:55)
	at computer.commonValidation.guiValidation(commonValidation.java:27)
	at computer.performOperation.computerEditPage(performOperation.java:70)
	at computer.executionDriver.crudOperationChrome(executionDriver.java:55)
	at java.util.concurrent.ThreadPoolExecutor.runWorker(Unknown Source)
	at java.util.concurrent.ThreadPoolExecutor$Worker.run(Unknown Source)
	at java.lang.Thread.run(Unknown Source)
... Removed 14 stack frames</pre></div><a href='#' onClick='toggleBox("stack-trace1184475497", this, "Click to show all stack frames", "Click to hide stack frames")'>Click to show all stack frames</a>
<div class='stack-trace' id='stack-trace1184475497'><pre>java.lang.AssertionError: expected [true] but found [false]
	at org.testng.Assert.fail(Assert.java:96)
	at org.testng.Assert.failNotEquals(Assert.java:776)
	at org.testng.Assert.assertTrue(Assert.java:44)
	at org.testng.Assert.assertTrue(Assert.java:54)
	at computer.commonValidation.fieldValidation(commonValidation.java:55)
	at computer.commonValidation.guiValidation(commonValidation.java:27)
	at computer.performOperation.computerEditPage(performOperation.java:70)
	at computer.executionDriver.crudOperationChrome(executionDriver.java:55)
	at sun.reflect.NativeMethodAccessorImpl.invoke0(Native Method)
	at sun.reflect.NativeMethodAccessorImpl.invoke(Unknown Source)
	at sun.reflect.DelegatingMethodAccessorImpl.invoke(Unknown Source)
	at java.lang.reflect.Method.invoke(Unknown Source)
	at org.testng.internal.MethodInvocationHelper.invokeMethod(MethodInvocationHelper.java:124)
	at org.testng.internal.Invoker.invokeMethod(Invoker.java:580)
	at org.testng.internal.Invoker.invokeTestMethod(Invoker.java:716)
	at org.testng.internal.Invoker.invokeTestMethods(Invoker.java:988)
	at org.testng.internal.TestMethodWorker.invokeTestMethods(TestMethodWorker.java:125)
	at org.testng.internal.TestMethodWorker.run(TestMethodWorker.java:109)
	at java.util.concurrent.ThreadPoolExecutor.runWorker(Unknown Source)
	at java.util.concurrent.ThreadPoolExecutor$Worker.run(Unknown Source)
	at java.lang.Thread.run(Unknown Source)
</pre></div></td>
<td>9</td>
<td>computer.executionDriver@3043fe0e</td></tr>
<tr>
<td title='computer.executionDriver.crudOperationChrome()'><b>crudOperationChrome</b><br>Test class: computer.executionDriver<br>Parameters: TC2 - Read Computer Details, R_URL,COMPUTERSEARCH, BackeBase-Aakash, , , , , , , POST_COMPUTER_SEARCH,POST_COMPUTER_SEARCH,POST_COMPUTER_SEARCH,POST_COMPUTER_SEARCH, DEFAULTVALUE,DEFAULTVALUE,DEFAULTVALUE,DEFAULTVALUE, lnk_ComputerName,lnk_IntroducedDate,lnk_DiscontinuedDate,lnk_Company, BackeBase-Aakash,10 Jul 2018,10 Jul 2024,Apple Inc.<br/>
<a href="#Output-890167388" onClick='toggleBox("Output-890167388", this, "Show output", "Hide output");'>Show output</a>

<a href="#Output-890167388" onClick="toggleAllBoxes();">Show all outputs</a>
<div class='log' id="Output-890167388">
Validation of Element:  <i><font color='Blue'>Actual:  BackeBase-Aakash,   Expected:  BackeBase-Aakash</font></i> - Validation Passed<br/>
Validation of Element:  <i><font color='Red'>Actual:  -,   Expected:  10 Jul 2018-  Validation Failed</font></i><br/>
</div>
</td>
<td><div><pre>java.lang.AssertionError: expected [true] but found [false]
	at computer.commonValidation.fieldValidation(commonValidation.java:48)
	at computer.commonValidation.guiValidation(commonValidation.java:30)
	at computer.performOperation.computerSearchPage(performOperation.java:22)
	at computer.executionDriver.crudOperationChrome(executionDriver.java:52)
	at java.util.concurrent.ThreadPoolExecutor.runWorker(Unknown Source)
	at java.util.concurrent.ThreadPoolExecutor$Worker.run(Unknown Source)
	at java.lang.Thread.run(Unknown Source)
... Removed 14 stack frames</pre></div><a href='#' onClick='toggleBox("stack-trace890167388", this, "Click to show all stack frames", "Click to hide stack frames")'>Click to show all stack frames</a>
<div class='stack-trace' id='stack-trace890167388'><pre>java.lang.AssertionError: expected [true] but found [false]
	at org.testng.Assert.fail(Assert.java:96)
	at org.testng.Assert.failNotEquals(Assert.java:776)
	at org.testng.Assert.assertTrue(Assert.java:44)
	at org.testng.Assert.assertTrue(Assert.java:54)
	at computer.commonValidation.fieldValidation(commonValidation.java:48)
	at computer.commonValidation.guiValidation(commonValidation.java:30)
	at computer.performOperation.computerSearchPage(performOperation.java:22)
	at computer.executionDriver.crudOperationChrome(executionDriver.java:52)
	at sun.reflect.NativeMethodAccessorImpl.invoke0(Native Method)
	at sun.reflect.NativeMethodAccessorImpl.invoke(Unknown Source)
	at sun.reflect.DelegatingMethodAccessorImpl.invoke(Unknown Source)
	at java.lang.reflect.Method.invoke(Unknown Source)
	at org.testng.internal.MethodInvocationHelper.invokeMethod(MethodInvocationHelper.java:124)
	at org.testng.internal.Invoker.invokeMethod(Invoker.java:580)
	at org.testng.internal.Invoker.invokeTestMethod(Invoker.java:716)
	at org.testng.internal.Invoker.invokeTestMethods(Invoker.java:988)
	at org.testng.internal.TestMethodWorker.invokeTestMethods(TestMethodWorker.java:125)
	at org.testng.internal.TestMethodWorker.run(TestMethodWorker.java:109)
	at java.util.concurrent.ThreadPoolExecutor.runWorker(Unknown Source)
	at java.util.concurrent.ThreadPoolExecutor$Worker.run(Unknown Source)
	at java.lang.Thread.run(Unknown Source)
</pre></div></td>
<td>9</td>
<td>computer.executionDriver@3043fe0e</td></tr>
<tr>
<td title='computer.executionDriver.crudOperationChrome()'><b>crudOperationChrome</b><br>Test class: computer.executionDriver<br>Parameters: TC4 - Read Updated Computer Details, R_URL,COMPUTERSEARCH, BackeBase-Aakash Nanda, , , , , , , POST_COMPUTER_SEARCH,POST_COMPUTER_SEARCH,POST_COMPUTER_SEARCH,POST_COMPUTER_SEARCH, DEFAULTVALUE,DEFAULTVALUE,DEFAULTVALUE,DEFAULTVALUE, lnk_ComputerName,lnk_IntroducedDate,lnk_DiscontinuedDate,lnk_Company, BackeBase-Aakash Nanda,11 Jul 2018,05 Jul 2024,IBM<br/>
<a href="#Output-457126161" onClick='toggleBox("Output-457126161", this, "Show output", "Hide output");'>Show output</a>

<a href="#Output-457126161" onClick="toggleAllBoxes();">Show all outputs</a>
<div class='log' id="Output-457126161">
Validation of Element:  <i><font color='Blue'>Actual:  BackeBase-Aakash Nanda,   Expected:  BackeBase-Aakash Nanda</font></i> - Validation Passed<br/>
Validation of Element:  <i><font color='Blue'>Actual:  11 Jul 2018,   Expected:  11 Jul 2018</font></i> - Validation Passed<br/>
Validation of Element:  <i><font color='Red'>Actual:  05 Jul 2028,   Expected:  05 Jul 2024-  Validation Failed</font></i><br/>
</div>
</td>
<td><div><pre>java.lang.AssertionError: expected [true] but found [false]
	at computer.commonValidation.fieldValidation(commonValidation.java:48)
	at computer.commonValidation.guiValidation(commonValidation.java:30)
	at computer.performOperation.computerSearchPage(performOperation.java:22)
	at computer.executionDriver.crudOperationChrome(executionDriver.java:52)
	at java.util.concurrent.ThreadPoolExecutor.runWorker(Unknown Source)
	at java.util.concurrent.ThreadPoolExecutor$Worker.run(Unknown Source)
	at java.lang.Thread.run(Unknown Source)
... Removed 14 stack frames</pre></div><a href='#' onClick='toggleBox("stack-trace457126161", this, "Click to show all stack frames", "Click to hide stack frames")'>Click to show all stack frames</a>
<div class='stack-trace' id='stack-trace457126161'><pre>java.lang.AssertionError: expected [true] but found [false]
	at org.testng.Assert.fail(Assert.java:96)
	at org.testng.Assert.failNotEquals(Assert.java:776)
	at org.testng.Assert.assertTrue(Assert.java:44)
	at org.testng.Assert.assertTrue(Assert.java:54)
	at computer.commonValidation.fieldValidation(commonValidation.java:48)
	at computer.commonValidation.guiValidation(commonValidation.java:30)
	at computer.performOperation.computerSearchPage(performOperation.java:22)
	at computer.executionDriver.crudOperationChrome(executionDriver.java:52)
	at sun.reflect.NativeMethodAccessorImpl.invoke0(Native Method)
	at sun.reflect.NativeMethodAccessorImpl.invoke(Unknown Source)
	at sun.reflect.DelegatingMethodAccessorImpl.invoke(Unknown Source)
	at java.lang.reflect.Method.invoke(Unknown Source)
	at org.testng.internal.MethodInvocationHelper.invokeMethod(MethodInvocationHelper.java:124)
	at org.testng.internal.Invoker.invokeMethod(Invoker.java:580)
	at org.testng.internal.Invoker.invokeTestMethod(Invoker.java:716)
	at org.testng.internal.Invoker.invokeTestMethods(Invoker.java:988)
	at org.testng.internal.TestMethodWorker.invokeTestMethods(TestMethodWorker.java:125)
	at org.testng.internal.TestMethodWorker.run(TestMethodWorker.java:109)
	at java.util.concurrent.ThreadPoolExecutor.runWorker(Unknown Source)
	at java.util.concurrent.ThreadPoolExecutor$Worker.run(Unknown Source)
	at java.lang.Thread.run(Unknown Source)
</pre></div></td>
<td>7</td>
<td>computer.executionDriver@3043fe0e</td></tr>
<tr>
<td title='computer.executionDriver.crudOperationFireFox()'><b>crudOperationFireFox</b><br>Test class: computer.executionDriver<br>Parameters: TC6 - Verify mandatory computed field, R_URL,COMPUTERSEARCH,COMPUTERDETAIL, , ADDCOMPUTER, , , , , SAVE, POST_COMPUTER_EDIT_PAGE_ACTION, ISEXIST, txt_ComputerName, <br/>
<a href="#Output-1363326661" onClick='toggleBox("Output-1363326661", this, "Show output", "Hide output");'>Show output</a>

<a href="#Output-1363326661" onClick="toggleAllBoxes();">Show all outputs</a>
<div class='log' id="Output-1363326661">
Validation of Element:  <i><font color='Red'>Actual Element Not Found  ,   Expected:  -  Validation Failed</font></i><br/>
</div>
</td>
<td><div><pre>java.lang.AssertionError: expected [true] but found [false]
	at computer.commonValidation.fieldValidation(commonValidation.java:55)
	at computer.commonValidation.guiValidation(commonValidation.java:27)
	at computer.performOperation.computerEditPage(performOperation.java:70)
	at computer.executionDriver.crudOperationFireFox(executionDriver.java:92)
	at java.util.concurrent.ThreadPoolExecutor.runWorker(Unknown Source)
	at java.util.concurrent.ThreadPoolExecutor$Worker.run(Unknown Source)
	at java.lang.Thread.run(Unknown Source)
... Removed 14 stack frames</pre></div><a href='#' onClick='toggleBox("stack-trace1363326661", this, "Click to show all stack frames", "Click to hide stack frames")'>Click to show all stack frames</a>
<div class='stack-trace' id='stack-trace1363326661'><pre>java.lang.AssertionError: expected [true] but found [false]
	at org.testng.Assert.fail(Assert.java:96)
	at org.testng.Assert.failNotEquals(Assert.java:776)
	at org.testng.Assert.assertTrue(Assert.java:44)
	at org.testng.Assert.assertTrue(Assert.java:54)
	at computer.commonValidation.fieldValidation(commonValidation.java:55)
	at computer.commonValidation.guiValidation(commonValidation.java:27)
	at computer.performOperation.computerEditPage(performOperation.java:70)
	at computer.executionDriver.crudOperationFireFox(executionDriver.java:92)
	at sun.reflect.NativeMethodAccessorImpl.invoke0(Native Method)
	at sun.reflect.NativeMethodAccessorImpl.invoke(Unknown Source)
	at sun.reflect.DelegatingMethodAccessorImpl.invoke(Unknown Source)
	at java.lang.reflect.Method.invoke(Unknown Source)
	at org.testng.internal.MethodInvocationHelper.invokeMethod(MethodInvocationHelper.java:124)
	at org.testng.internal.Invoker.invokeMethod(Invoker.java:580)
	at org.testng.internal.Invoker.invokeTestMethod(Invoker.java:716)
	at org.testng.internal.Invoker.invokeTestMethods(Invoker.java:988)
	at org.testng.internal.TestMethodWorker.invokeTestMethods(TestMethodWorker.java:125)
	at org.testng.internal.TestMethodWorker.run(TestMethodWorker.java:109)
	at java.util.concurrent.ThreadPoolExecutor.runWorker(Unknown Source)
	at java.util.concurrent.ThreadPoolExecutor$Worker.run(Unknown Source)
	at java.lang.Thread.run(Unknown Source)
</pre></div></td>
<td>9</td>
<td>computer.executionDriver@3043fe0e</td></tr>
<tr>
<td title='computer.executionDriver.crudOperationFireFox()'><b>crudOperationFireFox</b><br>Test class: computer.executionDriver<br>Parameters: TC2 - Read Computer Details, R_URL,COMPUTERSEARCH, BackeBase-Aakash, , , , , , , POST_COMPUTER_SEARCH,POST_COMPUTER_SEARCH,POST_COMPUTER_SEARCH,POST_COMPUTER_SEARCH, DEFAULTVALUE,DEFAULTVALUE,DEFAULTVALUE,DEFAULTVALUE, lnk_ComputerName,lnk_IntroducedDate,lnk_DiscontinuedDate,lnk_Company, BackeBase-Aakash,10 Jul 2018,10 Jul 2024,Apple Inc.<br/>
<a href="#Output-1733942199" onClick='toggleBox("Output-1733942199", this, "Show output", "Hide output");'>Show output</a>

<a href="#Output-1733942199" onClick="toggleAllBoxes();">Show all outputs</a>
<div class='log' id="Output-1733942199">
Validation of Element:  <i><font color='Blue'>Actual:  BackeBase-Aakash,   Expected:  BackeBase-Aakash</font></i> - Validation Passed<br/>
Validation of Element:  <i><font color='Red'>Actual:  -,   Expected:  10 Jul 2018-  Validation Failed</font></i><br/>
</div>
</td>
<td><div><pre>java.lang.AssertionError: expected [true] but found [false]
	at computer.commonValidation.fieldValidation(commonValidation.java:48)
	at computer.commonValidation.guiValidation(commonValidation.java:30)
	at computer.performOperation.computerSearchPage(performOperation.java:22)
	at computer.executionDriver.crudOperationFireFox(executionDriver.java:89)
	at java.util.concurrent.ThreadPoolExecutor.runWorker(Unknown Source)
	at java.util.concurrent.ThreadPoolExecutor$Worker.run(Unknown Source)
	at java.lang.Thread.run(Unknown Source)
... Removed 14 stack frames</pre></div><a href='#' onClick='toggleBox("stack-trace1733942199", this, "Click to show all stack frames", "Click to hide stack frames")'>Click to show all stack frames</a>
<div class='stack-trace' id='stack-trace1733942199'><pre>java.lang.AssertionError: expected [true] but found [false]
	at org.testng.Assert.fail(Assert.java:96)
	at org.testng.Assert.failNotEquals(Assert.java:776)
	at org.testng.Assert.assertTrue(Assert.java:44)
	at org.testng.Assert.assertTrue(Assert.java:54)
	at computer.commonValidation.fieldValidation(commonValidation.java:48)
	at computer.commonValidation.guiValidation(commonValidation.java:30)
	at computer.performOperation.computerSearchPage(performOperation.java:22)
	at computer.executionDriver.crudOperationFireFox(executionDriver.java:89)
	at sun.reflect.NativeMethodAccessorImpl.invoke0(Native Method)
	at sun.reflect.NativeMethodAccessorImpl.invoke(Unknown Source)
	at sun.reflect.DelegatingMethodAccessorImpl.invoke(Unknown Source)
	at java.lang.reflect.Method.invoke(Unknown Source)
	at org.testng.internal.MethodInvocationHelper.invokeMethod(MethodInvocationHelper.java:124)
	at org.testng.internal.Invoker.invokeMethod(Invoker.java:580)
	at org.testng.internal.Invoker.invokeTestMethod(Invoker.java:716)
	at org.testng.internal.Invoker.invokeTestMethods(Invoker.java:988)
	at org.testng.internal.TestMethodWorker.invokeTestMethods(TestMethodWorker.java:125)
	at org.testng.internal.TestMethodWorker.run(TestMethodWorker.java:109)
	at java.util.concurrent.ThreadPoolExecutor.runWorker(Unknown Source)
	at java.util.concurrent.ThreadPoolExecutor$Worker.run(Unknown Source)
	at java.lang.Thread.run(Unknown Source)
</pre></div></td>
<td>7</td>
<td>computer.executionDriver@3043fe0e</td></tr>
<tr>
<td title='computer.executionDriver.crudOperationFireFox()'><b>crudOperationFireFox</b><br>Test class: computer.executionDriver<br>Parameters: TC4 - Read Updated Computer Details, R_URL,COMPUTERSEARCH, BackeBase-Aakash Nanda, , , , , , , POST_COMPUTER_SEARCH,POST_COMPUTER_SEARCH,POST_COMPUTER_SEARCH,POST_COMPUTER_SEARCH, DEFAULTVALUE,DEFAULTVALUE,DEFAULTVALUE,DEFAULTVALUE, lnk_ComputerName,lnk_IntroducedDate,lnk_DiscontinuedDate,lnk_Company, BackeBase-Aakash Nanda,11 Jul 2018,05 Jul 2024,IBM<br/>
<a href="#Output-1833236322" onClick='toggleBox("Output-1833236322", this, "Show output", "Hide output");'>Show output</a>

<a href="#Output-1833236322" onClick="toggleAllBoxes();">Show all outputs</a>
<div class='log' id="Output-1833236322">
Validation of Element:  <i><font color='Blue'>Actual:  BackeBase-Aakash Nanda,   Expected:  BackeBase-Aakash Nanda</font></i> - Validation Passed<br/>
Validation of Element:  <i><font color='Blue'>Actual:  11 Jul 2018,   Expected:  11 Jul 2018</font></i> - Validation Passed<br/>
Validation of Element:  <i><font color='Red'>Actual:  05 Jul 2028,   Expected:  05 Jul 2024-  Validation Failed</font></i><br/>
</div>
</td>
<td><div><pre>java.lang.AssertionError: expected [true] but found [false]
	at computer.commonValidation.fieldValidation(commonValidation.java:48)
	at computer.commonValidation.guiValidation(commonValidation.java:30)
	at computer.performOperation.computerSearchPage(performOperation.java:22)
	at computer.executionDriver.crudOperationFireFox(executionDriver.java:89)
	at java.util.concurrent.ThreadPoolExecutor.runWorker(Unknown Source)
	at java.util.concurrent.ThreadPoolExecutor$Worker.run(Unknown Source)
	at java.lang.Thread.run(Unknown Source)
... Removed 14 stack frames</pre></div><a href='#' onClick='toggleBox("stack-trace1833236322", this, "Click to show all stack frames", "Click to hide stack frames")'>Click to show all stack frames</a>
<div class='stack-trace' id='stack-trace1833236322'><pre>java.lang.AssertionError: expected [true] but found [false]
	at org.testng.Assert.fail(Assert.java:96)
	at org.testng.Assert.failNotEquals(Assert.java:776)
	at org.testng.Assert.assertTrue(Assert.java:44)
	at org.testng.Assert.assertTrue(Assert.java:54)
	at computer.commonValidation.fieldValidation(commonValidation.java:48)
	at computer.commonValidation.guiValidation(commonValidation.java:30)
	at computer.performOperation.computerSearchPage(performOperation.java:22)
	at computer.executionDriver.crudOperationFireFox(executionDriver.java:89)
	at sun.reflect.NativeMethodAccessorImpl.invoke0(Native Method)
	at sun.reflect.NativeMethodAccessorImpl.invoke(Unknown Source)
	at sun.reflect.DelegatingMethodAccessorImpl.invoke(Unknown Source)
	at java.lang.reflect.Method.invoke(Unknown Source)
	at org.testng.internal.MethodInvocationHelper.invokeMethod(MethodInvocationHelper.java:124)
	at org.testng.internal.Invoker.invokeMethod(Invoker.java:580)
	at org.testng.internal.Invoker.invokeTestMethod(Invoker.java:716)
	at org.testng.internal.Invoker.invokeTestMethods(Invoker.java:988)
	at org.testng.internal.TestMethodWorker.invokeTestMethods(TestMethodWorker.java:125)
	at org.testng.internal.TestMethodWorker.run(TestMethodWorker.java:109)
	at java.util.concurrent.ThreadPoolExecutor.runWorker(Unknown Source)
	at java.util.concurrent.ThreadPoolExecutor$Worker.run(Unknown Source)
	at java.lang.Thread.run(Unknown Source)
</pre></div></td>
<td>8</td>
<td>computer.executionDriver@3043fe0e</td></tr>
</table><p>
<table width='100%' border='1' class='invocation-passed'>
<tr><td colspan='4' align='center'><b>PASSED TESTS</b></td></tr>
<tr><td><b>Test method</b></td>
<td width="30%"><b>Exception</b></td>
<td width="10%"><b>Time (seconds)</b></td>
<td><b>Instance</b></td>
</tr>
<tr>
<td title='computer.executionDriver.crudOperationChrome()'><b>crudOperationChrome</b><br>Test class: computer.executionDriver<br>Parameters: TC7 - Create New Computer with computer name as input only, R_URL,COMPUTERSEARCH,COMPUTERDETAIL, , ADDCOMPUTER, BackeBase-Paul, , , , SAVE, POST_COMPUTER_EDIT_PAGE_ACTION, ISEXIST, lbl_ConfirmationMsg, Done! Computer BackeBase-Paul has been created<br/>
<a href="#Output-1426562928" onClick='toggleBox("Output-1426562928", this, "Show output", "Hide output");'>Show output</a>

<a href="#Output-1426562928" onClick="toggleAllBoxes();">Show all outputs</a>
<div class='log' id="Output-1426562928">
Validation of Element:  <i><font color='Blue'>Actual:  Done! Computer BackeBase-Paul has been created,   Expected:  Done! Computer BackeBase-Paul has been created</font></i> - Validation Passed<br/>
</div>
</td>
<td></td>
<td>11</td>
<td>computer.executionDriver@3043fe0e</td></tr>
<tr>
<td title='computer.executionDriver.crudOperationChrome()'><b>crudOperationChrome</b><br>Test class: computer.executionDriver<br>Parameters: TC1 - Create New Computer, R_URL,COMPUTERSEARCH,COMPUTERDETAIL, , ADDCOMPUTER, BackeBase-Aakash, 2018-07-10, 2024-07-10, Apple Inc., SAVE, POST_COMPUTER_EDIT_PAGE_ACTION, ISEXIST, lbl_ConfirmationMsg, Done! Computer BackeBase-Aakash has been created<br/>
<a href="#Output-1940063202" onClick='toggleBox("Output-1940063202", this, "Show output", "Hide output");'>Show output</a>

<a href="#Output-1940063202" onClick="toggleAllBoxes();">Show all outputs</a>
<div class='log' id="Output-1940063202">
Validation of Element:  <i><font color='Blue'>Actual:  Done! Computer BackeBase-Aakash has been created,   Expected:  Done! Computer BackeBase-Aakash has been created</font></i> - Validation Passed<br/>
</div>
</td>
<td></td>
<td>8</td>
<td>computer.executionDriver@3043fe0e</td></tr>
<tr>
<td title='computer.executionDriver.crudOperationChrome()'><b>crudOperationChrome</b><br>Test class: computer.executionDriver<br>Parameters: TC3 - Update Computer Details, R_URL,COMPUTERSEARCH,COMPUTERDETAIL, BackeBase-Aakash, EDITCOMPUTER, BackeBase-Aakash Nanda, 2018-07-11, 2028-07-05, IBM, SAVE, POST_COMPUTER_EDIT_PAGE_ACTION, ISEXIST, lbl_ConfirmationMsg, Done! Computer BackeBase-Aakash Nanda has been updated<br/>
<a href="#Output-1764360459" onClick='toggleBox("Output-1764360459", this, "Show output", "Hide output");'>Show output</a>

<a href="#Output-1764360459" onClick="toggleAllBoxes();">Show all outputs</a>
<div class='log' id="Output-1764360459">
Validation of Element:  <i><font color='Blue'>Actual:  Done! Computer BackeBase-Aakash Nanda has been updated,   Expected:  Done! Computer BackeBase-Aakash Nanda has been updated</font></i> - Validation Passed<br/>
</div>
</td>
<td></td>
<td>12</td>
<td>computer.executionDriver@3043fe0e</td></tr>
<tr>
<td title='computer.executionDriver.crudOperationChrome()'><b>crudOperationChrome</b><br>Test class: computer.executionDriver<br>Parameters: TC5 - Delete Computer, R_URL,COMPUTERSEARCH,COMPUTERDETAIL, BackeBase-Aakash Nanda, EDITCOMPUTER, , , , , DELETE, POST_COMPUTER_EDIT_PAGE_ACTION, ISEXIST, lbl_ConfirmationMsg, Done! Computer has been deleted<br/>
<a href="#Output-1499615397" onClick='toggleBox("Output-1499615397", this, "Show output", "Hide output");'>Show output</a>

<a href="#Output-1499615397" onClick="toggleAllBoxes();">Show all outputs</a>
<div class='log' id="Output-1499615397">
Validation of Element:  <i><font color='Blue'>Actual:  Done! Computer has been deleted,   Expected:  Done! Computer has been deleted</font></i> - Validation Passed<br/>
</div>
</td>
<td></td>
<td>10</td>
<td>computer.executionDriver@3043fe0e</td></tr>
<tr>
<td title='computer.executionDriver.crudOperationFireFox()'><b>crudOperationFireFox</b><br>Test class: computer.executionDriver<br>Parameters: TC7 - Create New Computer with computer name as input only, R_URL,COMPUTERSEARCH,COMPUTERDETAIL, , ADDCOMPUTER, BackeBase-Paul, , , , SAVE, POST_COMPUTER_EDIT_PAGE_ACTION, ISEXIST, lbl_ConfirmationMsg, Done! Computer BackeBase-Paul has been created<br/>
<a href="#Output-1457988699" onClick='toggleBox("Output-1457988699", this, "Show output", "Hide output");'>Show output</a>

<a href="#Output-1457988699" onClick="toggleAllBoxes();">Show all outputs</a>
<div class='log' id="Output-1457988699">
Validation of Element:  <i><font color='Blue'>Actual:  Done! Computer BackeBase-Paul has been created,   Expected:  Done! Computer BackeBase-Paul has been created</font></i> - Validation Passed<br/>
</div>
</td>
<td></td>
<td>10</td>
<td>computer.executionDriver@3043fe0e</td></tr>
<tr>
<td title='computer.executionDriver.crudOperationFireFox()'><b>crudOperationFireFox</b><br>Test class: computer.executionDriver<br>Parameters: TC1 - Create New Computer, R_URL,COMPUTERSEARCH,COMPUTERDETAIL, , ADDCOMPUTER, BackeBase-Aakash, 2018-07-10, 2024-07-10, Apple Inc., SAVE, POST_COMPUTER_EDIT_PAGE_ACTION, ISEXIST, lbl_ConfirmationMsg, Done! Computer BackeBase-Aakash has been created<br/>
<a href="#Output-1153343064" onClick='toggleBox("Output-1153343064", this, "Show output", "Hide output");'>Show output</a>

<a href="#Output-1153343064" onClick="toggleAllBoxes();">Show all outputs</a>
<div class='log' id="Output-1153343064">
Validation of Element:  <i><font color='Blue'>Actual:  Done! Computer BackeBase-Aakash has been created,   Expected:  Done! Computer BackeBase-Aakash has been created</font></i> - Validation Passed<br/>
</div>
</td>
<td></td>
<td>12</td>
<td>computer.executionDriver@3043fe0e</td></tr>
<tr>
<td title='computer.executionDriver.crudOperationFireFox()'><b>crudOperationFireFox</b><br>Test class: computer.executionDriver<br>Parameters: TC3 - Update Computer Details, R_URL,COMPUTERSEARCH,COMPUTERDETAIL, BackeBase-Aakash, EDITCOMPUTER, BackeBase-Aakash Nanda, 2018-07-11, 2028-07-05, IBM, SAVE, POST_COMPUTER_EDIT_PAGE_ACTION, ISEXIST, lbl_ConfirmationMsg, Done! Computer BackeBase-Aakash Nanda has been updated<br/>
<a href="#Output-1672541623" onClick='toggleBox("Output-1672541623", this, "Show output", "Hide output");'>Show output</a>

<a href="#Output-1672541623" onClick="toggleAllBoxes();">Show all outputs</a>
<div class='log' id="Output-1672541623">
Validation of Element:  <i><font color='Blue'>Actual:  Done! Computer BackeBase-Aakash Nanda has been updated,   Expected:  Done! Computer BackeBase-Aakash Nanda has been updated</font></i> - Validation Passed<br/>
</div>
</td>
<td></td>
<td>11</td>
<td>computer.executionDriver@3043fe0e</td></tr>
<tr>
<td title='computer.executionDriver.crudOperationFireFox()'><b>crudOperationFireFox</b><br>Test class: computer.executionDriver<br>Parameters: TC5 - Delete Computer, R_URL,COMPUTERSEARCH,COMPUTERDETAIL, BackeBase-Aakash Nanda, EDITCOMPUTER, , , , , DELETE, POST_COMPUTER_EDIT_PAGE_ACTION, ISEXIST, lbl_ConfirmationMsg, Done! Computer has been deleted<br/>
<a href="#Output-901618776" onClick='toggleBox("Output-901618776", this, "Show output", "Hide output");'>Show output</a>

<a href="#Output-901618776" onClick="toggleAllBoxes();">Show all outputs</a>
<div class='log' id="Output-901618776">
Validation of Element:  <i><font color='Blue'>Actual:  Done! Computer has been deleted,   Expected:  Done! Computer has been deleted</font></i> - Validation Passed<br/>
</div>
</td>
<td></td>
<td>10</td>
<td>computer.executionDriver@3043fe0e</td></tr>
</table><p>
</body>
</html>